::1 - - [30/Jan/2023:18:00:58 +0000] "GET /movieList HTTP/1.1" 500 16 "-" "PostmanRuntime/7.30.0"
::1 - - [30/Jan/2023:18:01:33 +0000] "GET /movie HTTP/1.1" 500 16 "-" "PostmanRuntime/7.30.0"
::1 - - [30/Jan/2023:18:57:07 +0000] "GET /genre/comedy HTTP/1.1" 500 16 "-" "PostmanRuntime/7.30.0"
::1 - - [30/Jan/2023:18:57:18 +0000] "GET /genre HTTP/1.1" 500 16 "-" "PostmanRuntime/7.30.0"
::1 - - [30/Jan/2023:18:58:09 +0000] "GET /genrename/comedy HTTP/1.1" 500 16 "-" "PostmanRuntime/7.30.0"
::1 - - [30/Jan/2023:19:12:48 +0000] "GET /users HTTP/1.1" 500 16 "-" "PostmanRuntime/7.30.0"
::1 - - [30/Jan/2023:19:12:53 +0000] "GET /user HTTP/1.1" 500 16 "-" "PostmanRuntime/7.30.0"
::1 - - [30/Jan/2023:19:13:33 +0000] "GET /users HTTP/1.1" 500 16 "-" "PostmanRuntime/7.30.0"
::1 - - [30/Jan/2023:19:19:50 +0000] "GET /users HTTP/1.1" 500 16 "-" "PostmanRuntime/7.30.0"
::1 - - [30/Jan/2023:19:21:02 +0000] "GET /users/1 HTTP/1.1" 500 16 "-" "PostmanRuntime/7.30.0"
::1 - - [30/Jan/2023:19:23:49 +0000] "GET /users/1 HTTP/1.1" 500 16 "-" "PostmanRuntime/7.30.0"
::1 - - [30/Jan/2023:19:39:34 +0000] "GET /users/1 HTTP/1.1" 500 16 "-" "PostmanRuntime/7.30.0"
::1 - - [30/Jan/2023:19:39:59 +0000] "GET /users/1 HTTP/1.1" 500 16 "-" "PostmanRuntime/7.30.0"
::1 - - [30/Jan/2023:19:41:19 +0000] "GET /users/1 HTTP/1.1" 500 16 "-" "PostmanRuntime/7.30.0"
::1 - - [30/Jan/2023:19:41:40 +0000] "GET /users/1 HTTP/1.1" 500 16 "-" "PostmanRuntime/7.30.0"
::1 - - [30/Jan/2023:19:44:15 +0000] "GET /users HTTP/1.1" 500 16 "-" "PostmanRuntime/7.30.0"
::1 - - [30/Jan/2023:19:44:23 +0000] "GET /users HTTP/1.1" 500 1348 "-" "PostmanRuntime/7.30.0"
::1 - - [30/Jan/2023:19:44:48 +0000] "GET /users HTTP/1.1" 500 16 "-" "PostmanRuntime/7.30.0"
::1 - - [30/Jan/2023:19:53:11 +0000] "GET /users HTTP/1.1" 500 16 "-" "PostmanRuntime/7.30.0"
::1 - - [30/Jan/2023:19:55:08 +0000] "GET /users HTTP/1.1" 500 16 "-" "PostmanRuntime/7.30.0"
::1 - - [30/Jan/2023:19:55:49 +0000] "GET /users HTTP/1.1" 500 16 "-" "PostmanRuntime/7.30.1"
::1 - - [30/Jan/2023:19:57:49 +0000] "GET /users HTTP/1.1" 500 16 "-" "PostmanRuntime/7.30.1"
::1 - - [30/Jan/2023:19:59:38 +0000] "GET /user HTTP/1.1" 500 16 "-" "PostmanRuntime/7.30.1"
::1 - - [30/Jan/2023:20:11:59 +0000] "GET /users HTTP/1.1" 500 16 "-" "PostmanRuntime/7.30.1"
::1 - - [30/Jan/2023:20:15:42 +0000] "GET /users HTTP/1.1" 500 16 "-" "PostmanRuntime/7.30.1"
::1 - - [30/Jan/2023:22:23:55 +0000] "GET /users/ HTTP/1.1" 500 16 "-" "PostmanRuntime/7.30.1"
::1 - - [30/Jan/2023:22:24:15 +0000] "GET /users/ HTTP/1.1" 500 16 "-" "PostmanRuntime/7.30.1"
::1 - - [30/Jan/2023:22:40:06 +0000] "GET /users/ HTTP/1.1" 500 16 "-" "PostmanRuntime/7.30.1"
::1 - - [30/Jan/2023:22:50:42 +0000] "PUT /users/lguser103/favoritemovie HTTP/1.1" 500 16 "-" "PostmanRuntime/7.30.1"
::1 - - [30/Jan/2023:22:51:35 +0000] "PUT /users/lguser103/favoritemovie HTTP/1.1" 500 16 "-" "PostmanRuntime/7.30.1"
::1 - - [30/Jan/2023:22:52:07 +0000] "PUT /users/lguser103/favoritemovie HTTP/1.1" 500 16 "-" "PostmanRuntime/7.30.1"
::1 - - [30/Jan/2023:22:52:49 +0000] "GET /users/lguser103/favoritemovie HTTP/1.1" 500 16 "-" "PostmanRuntime/7.30.1"
::1 - - [31/Jan/2023:15:34:33 +0000] "PUT /movies HTTP/1.1" 500 16 "-" "PostmanRuntime/7.30.1"
::1 - - [31/Jan/2023:15:38:33 +0000] "GET /users HTTP/1.1" 500 16 "-" "PostmanRuntime/7.30.1"
::1 - - [31/Jan/2023:16:25:26 +0000] "GET /movies/genre/Drama HTTP/1.1" 500 16 "-" "PostmanRuntime/7.30.1"
::1 - - [31/Jan/2023:16:30:01 +0000] "GET /movie/director/Tony%20Scott HTTP/1.1" 500 16 "-" "PostmanRuntime/7.30.1"
::1 - - [31/Jan/2023:16:33:18 +0000] "GET /movie/directors/Tony%20Scott HTTP/1.1" 500 16 "-" "PostmanRuntime/7.30.1"
::1 - - [31/Jan/2023:16:33:34 +0000] "GET /directors/Tony%20Scott HTTP/1.1" 500 16 "-" "PostmanRuntime/7.30.1"
::1 - - [31/Jan/2023:16:35:39 +0000] "GET /movies/director/Andy%20Tennant HTTP/1.1" 500 16 "-" "PostmanRuntime/7.30.1"
::1 - - [31/Jan/2023:16:44:47 +0000] "GET /movies/genre/Drama HTTP/1.1" 500 16 "-" "PostmanRuntime/7.30.1"
::1 - - [31/Jan/2023:16:59:39 +0000] "GET /movie/genre/Drama HTTP/1.1" 500 16 "-" "PostmanRuntime/7.30.1"
::1 - - [31/Jan/2023:17:01:21 +0000] "GET /users/Lisa%20Genner HTTP/1.1" 500 16 "-" "PostmanRuntime/7.30.1"
::1 - - [31/Jan/2023:17:01:51 +0000] "GET /users/63d14c4d4c9bf33b6d2fcbb8 HTTP/1.1" 500 16 "-" "PostmanRuntime/7.30.1"
::1 - - [31/Jan/2023:17:03:14 +0000] "GET /users/63d14c4d4c9bf33b6d2fcbb8 HTTP/1.1" 500 16 "-" "PostmanRuntime/7.30.1"
::1 - - [31/Jan/2023:17:11:19 +0000] "GET /users/63d14c4d4c9bf33b6d2fcbb8 HTTP/1.1" 500 16 "-" "PostmanRuntime/7.30.1"
::1 - - [31/Jan/2023:17:58:09 +0000] "GET /users/BSGenner HTTP/1.1" 500 16 "-" "PostmanRuntime/7.30.1"
::1 - - [31/Jan/2023:17:58:32 +0000] "GET /users/BSGenner HTTP/1.1" 500 16 "-" "PostmanRuntime/7.30.1"
::1 - - [31/Jan/2023:17:58:59 +0000] "GET /users/BSGenner HTTP/1.1" 500 16 "-" "PostmanRuntime/7.30.1"
::1 - - [31/Jan/2023:18:00:00 +0000] "GET /users/BSGenner HTTP/1.1" 500 16 "-" "PostmanRuntime/7.30.1"
::1 - - [31/Jan/2023:18:01:08 +0000] "GET /users/BSGenner HTTP/1.1" 500 16 "-" "PostmanRuntime/7.30.1"
::1 - - [31/Jan/2023:18:02:48 +0000] "GET /users/BSGenner HTTP/1.1" 500 16 "-" "PostmanRuntime/7.30.1"
::1 - - [31/Jan/2023:18:02:55 +0000] "GET /users/BSGenner HTTP/1.1" 500 1348 "-" "PostmanRuntime/7.30.1"
::1 - - [31/Jan/2023:18:03:33 +0000] "GET /users/BSGenner HTTP/1.1" 500 1348 "-" "PostmanRuntime/7.30.1"
::1 - - [31/Jan/2023:18:05:11 +0000] "GET /users/63d954d90466615a601bcde3 HTTP/1.1" 500 1348 "-" "PostmanRuntime/7.30.1"
::1 - - [31/Jan/2023:18:06:25 +0000] "GET /users/63d954d90466615a601bcde3 HTTP/1.1" 500 1348 "-" "PostmanRuntime/7.30.1"
::1 - - [31/Jan/2023:18:08:00 +0000] "GET /users/BSGenner HTTP/1.1" 500 1348 "-" "PostmanRuntime/7.30.1"
::1 - - [31/Jan/2023:18:09:58 +0000] "GET /movie/genre/Thriller HTTP/1.1" 500 1348 "-" "PostmanRuntime/7.30.1"
::1 - - [31/Jan/2023:18:12:40 +0000] "GET /movies/genre/Thriller HTTP/1.1" 500 1348 "-" "PostmanRuntime/7.30.1"
::1 - - [31/Jan/2023:18:13:29 +0000] "GET /genre HTTP/1.1" 500 1348 "-" "PostmanRuntime/7.30.1"
::1 - - [31/Jan/2023:18:13:39 +0000] "GET /genres HTTP/1.1" 500 1348 "-" "PostmanRuntime/7.30.1"
::1 - - [31/Jan/2023:18:22:24 +0000] "GET /genre HTTP/1.1" 500 1348 "-" "PostmanRuntime/7.30.1"
::1 - - [31/Jan/2023:18:22:31 +0000] "GET /genre HTTP/1.1" 500 1348 "-" "PostmanRuntime/7.30.1"
::1 - - [31/Jan/2023:18:22:38 +0000] "GET /genre/Drama HTTP/1.1" 500 1348 "-" "PostmanRuntime/7.30.1"
::1 - - [31/Jan/2023:18:24:12 +0000] "GET /movies/director/Tony%20Scott HTTP/1.1" 500 1348 "-" "PostmanRuntime/7.30.1"
::1 - - [31/Jan/2023:18:27:30 +0000] "GET /movies/director/Tony%20Scott HTTP/1.1" 500 1348 "-" "PostmanRuntime/7.30.1"
::1 - - [31/Jan/2023:18:27:36 +0000] "GET /movies/directors/Tony%20Scott HTTP/1.1" 500 1348 "-" "PostmanRuntime/7.30.1"
::1 - - [31/Jan/2023:18:27:41 +0000] "GET /movie/directors/Tony%20Scott HTTP/1.1" 500 1348 "-" "PostmanRuntime/7.30.1"
::1 - - [31/Jan/2023:18:27:52 +0000] "GET /movie/director HTTP/1.1" 500 1348 "-" "PostmanRuntime/7.30.1"
::1 - - [31/Jan/2023:18:29:40 +0000] "GET /movies/directors/Tony%20Scott HTTP/1.1" 500 1348 "-" "PostmanRuntime/7.30.1"
::1 - - [31/Jan/2023:18:30:53 +0000] "GET /movies/director/Tony%20Scott HTTP/1.1" 500 1348 "-" "PostmanRuntime/7.30.1"
::1 - - [31/Jan/2023:18:31:02 +0000] "GET /movies/directors/Tony%20Scott HTTP/1.1" 500 1348 "-" "PostmanRuntime/7.30.1"
::1 - - [31/Jan/2023:19:51:04 +0000] "GET /users/AJ%20Genner HTTP/1.1" 404 156 "-" "PostmanRuntime/7.30.1"
::1 - - [31/Jan/2023:19:51:32 +0000] "GET /users/AJ%20Genner HTTP/1.1" 404 156 "-" "PostmanRuntime/7.30.1"
::1 - - [31/Jan/2023:19:51:51 +0000] "POST /users/AJ%20Genner HTTP/1.1" 404 157 "-" "PostmanRuntime/7.30.1"
::1 - - [31/Jan/2023:20:03:38 +0000] "POST /users/AJ%20Genner/movies HTTP/1.1" 404 164 "-" "PostmanRuntime/7.30.1"
::1 - - [31/Jan/2023:20:03:46 +0000] "GET /users/AJ%20Genner/movies HTTP/1.1" 404 163 "-" "PostmanRuntime/7.30.1"
::1 - - [31/Jan/2023:20:03:56 +0000] "GET /users/AJ%20Genner HTTP/1.1" 404 156 "-" "PostmanRuntime/7.30.1"
::1 - - [31/Jan/2023:20:05:22 +0000] "GET /users/AJ%20Genner/movies/63d033dad3a60ef2692e9a69 HTTP/1.1" 404 188 "-" "PostmanRuntime/7.30.1"
::1 - - [31/Jan/2023:20:05:30 +0000] "GET /users/AJ%20Genner/movie/63d033dad3a60ef2692e9a69 HTTP/1.1" 404 187 "-" "PostmanRuntime/7.30.1"
::1 - - [31/Jan/2023:20:15:44 +0000] "GET /users/AJ%20Genner/movie/63d033dad3a60ef2692e9a69 HTTP/1.1" 404 187 "-" "PostmanRuntime/7.30.1"
::1 - - [31/Jan/2023:20:17:56 +0000] "GET /users/AJ%20Genner/movie/63d033dad3a60ef2692e9a69 HTTP/1.1" 404 187 "-" "PostmanRuntime/7.30.1"
::1 - - [31/Jan/2023:20:18:23 +0000] "GET /users/AJ%20Genner/movies/63d033dad3a60ef2692e9a69 HTTP/1.1" 404 188 "-" "PostmanRuntime/7.30.1"
::1 - - [31/Jan/2023:20:19:15 +0000] "POST /users/AJ%20Genner/movies/63d033dad3a60ef2692e9a69 HTTP/1.1" 404 189 "-" "PostmanRuntime/7.30.1"
::1 - - [31/Jan/2023:20:20:28 +0000] "POST /users/AJ%20Genner/movies/63d033dad3a60ef2692e9a69 HTTP/1.1" 404 189 "-" "PostmanRuntime/7.30.1"
::1 - - [31/Jan/2023:20:20:58 +0000] "POST /users/AJ%20Genner/movies/True%20Romance HTTP/1.1" 404 179 "-" "PostmanRuntime/7.30.1"
::1 - - [31/Jan/2023:20:23:48 +0000] "DELETE /users/AJ%20Genner/movies/63d033dad3a60ef2692e9a69 HTTP/1.1" 404 191 "-" "PostmanRuntime/7.30.1"
::1 - - [31/Jan/2023:20:25:47 +0000] "DELETE / HTTP/1.1" 404 142 "-" "PostmanRuntime/7.30.1"
::1 - - [02/Feb/2023:17:31:19 +0000] "POST /users/authenticate HTTP/1.1" 404 158 "-" "PostmanRuntime/7.30.1"
::1 - - [02/Feb/2023:17:47:06 +0000] "POST /?Username=Marcus&Password=pizza HTTP/1.1" 404 140 "-" "PostmanRuntime/7.30.1"
::1 - - [02/Feb/2023:18:45:08 +0000] "PUT /users/?Username=Marcus&Password=pizza HTTP/1.1" 404 145 "-" "PostmanRuntime/7.30.1"
::1 - - [02/Feb/2023:19:51:20 +0000] "GET /users/Marcus HTTP/1.1" 404 151 "-" "PostmanRuntime/7.30.1"
::1 - - [02/Feb/2023:19:53:27 +0000] "GET /users/Marcus HTTP/1.1" 404 151 "-" "PostmanRuntime/7.30.1"
::1 - - [02/Feb/2023:19:54:04 +0000] "GET /users/Marcus HTTP/1.1" 404 151 "-" "PostmanRuntime/7.30.1"
::1 - - [02/Feb/2023:19:54:17 +0000] "GET /users/Marcus HTTP/1.1" 404 151 "-" "PostmanRuntime/7.30.1"
::1 - - [02/Feb/2023:19:56:42 +0000] "POST /usersAJ%20Genner/63d033dad3a60ef2692e9a6 HTTP/1.1" 404 180 "-" "PostmanRuntime/7.30.1"
::1 - - [02/Feb/2023:19:56:55 +0000] "POST /movies/usersAJ%20Genner/63d033dad3a60ef2692e9a6 HTTP/1.1" 404 187 "-" "PostmanRuntime/7.30.1"
::1 - - [02/Feb/2023:19:57:10 +0000] "POST /movies/users/AJ%20Genner/63d033dad3a60ef2692e9a6 HTTP/1.1" 404 188 "-" "PostmanRuntime/7.30.1"
::1 - - [02/Feb/2023:19:58:41 +0000] "GET /users/movies/AJ%20Genner/The%20Great%20Outdoor HTTP/1.1" 404 185 "-" "PostmanRuntime/7.30.1"
::1 - - [02/Feb/2023:20:00:07 +0000] "GET /users/movies/BSGenner/The%20Great%20Outdoor HTTP/1.1" 404 182 "-" "PostmanRuntime/7.30.1"
::1 - - [02/Feb/2023:20:00:13 +0000] "POST /users/movies/BSGenner/The%20Great%20Outdoor HTTP/1.1" 404 183 "-" "PostmanRuntime/7.30.1"
::1 - - [02/Feb/2023:20:05:08 +0000] "DELETE /users/BSGenner/movies/63d033dad3a60ef2692e9a69 HTTP/1.1" 404 188 "-" "PostmanRuntime/7.30.1"
::1 - - [02/Feb/2023:20:06:24 +0000] "DELETE /users/BSGenner/movies/63d033dad3a60ef2692e9a69 HTTP/1.1" 404 188 "-" "PostmanRuntime/7.30.1"
::1 - - [02/Feb/2023:20:35:48 +0000] "GET /login?Username=Marcus&Password=pizza HTTP/1.1" 404 144 "-" "PostmanRuntime/7.30.1"
::1 - - [03/Feb/2023:15:24:36 +0000] "DELETE /users/Marcus/movies/63d033dad3a60ef2692e9a69 HTTP/1.1" 404 186 "-" "PostmanRuntime/7.30.1"
::1 - - [03/Feb/2023:15:24:49 +0000] "GET /users/Marcus/movies/63d033dad3a60ef2692e9a69 HTTP/1.1" 404 183 "-" "PostmanRuntime/7.30.1"
::1 - - [03/Feb/2023:15:30:43 +0000] "GET /users/Marcus/movies/63d033dad3a60ef2692e9a69 HTTP/1.1" 404 183 "-" "PostmanRuntime/7.30.1"
::1 - - [03/Feb/2023:15:34:27 +0000] "GET /users/Marcus/movies/63d033dad3a60ef2692e9a69 HTTP/1.1" 404 183 "-" "PostmanRuntime/7.30.1"
::1 - - [03/Feb/2023:15:34:58 +0000] "GET /users/Marcus HTTP/1.1" 404 151 "-" "PostmanRuntime/7.30.1"
::1 - - [03/Feb/2023:15:35:05 +0000] "GET /user/Marcus HTTP/1.1" 404 150 "-" "PostmanRuntime/7.30.1"
::1 - - [03/Feb/2023:15:35:44 +0000] "GET /user/Marcus HTTP/1.1" 404 150 "-" "PostmanRuntime/7.30.1"
::1 - - [03/Feb/2023:15:40:01 +0000] "GET /users/username/AJ%20Genner HTTP/1.1" 404 165 "-" "PostmanRuntime/7.30.1"
::1 - - [03/Feb/2023:15:40:12 +0000] "GET /users/username/Marcus HTTP/1.1" 404 160 "-" "PostmanRuntime/7.30.1"
::1 - - [03/Feb/2023:15:40:37 +0000] "GET /users/username/Marcus HTTP/1.1" 404 160 "-" "PostmanRuntime/7.30.1"
::1 - - [03/Feb/2023:15:41:33 +0000] "GET /users/Marcus/movies/63d033dad3a60ef2692e9a69 HTTP/1.1" 404 183 "-" "PostmanRuntime/7.30.1"
::1 - - [03/Feb/2023:15:41:40 +0000] "GET /users/Marcus/movies/63d033dad3a60ef2692e9a69 HTTP/1.1" 404 183 "-" "PostmanRuntime/7.30.1"
::1 - - [03/Feb/2023:15:42:23 +0000] "GET /users/Marcus/Favoritemovies/63d033dad3a60ef2692e9a69 HTTP/1.1" 404 191 "-" "PostmanRuntime/7.30.1"
::1 - - [03/Feb/2023:15:42:41 +0000] "GET /users/Marcus/Favoritemovies/63d033dad3a60ef2692e9a69 HTTP/1.1" 404 191 "-" "PostmanRuntime/7.30.1"
::1 - - [03/Feb/2023:15:42:53 +0000] "DELETE /users/Marcus/Favoritemovies/63d033dad3a60ef2692e9a69 HTTP/1.1" 404 194 "-" "PostmanRuntime/7.30.1"
::1 - - [03/Feb/2023:15:43:31 +0000] "DELETE /users/Marcus/Favoritemovies/63d033dad3a60ef2692e9a69 HTTP/1.1" 404 194 "-" "PostmanRuntime/7.30.1"
::1 - - [03/Feb/2023:15:43:45 +0000] "DELETE /users/Marcus/FavoriteMovies/63d033dad3a60ef2692e9a69 HTTP/1.1" 404 194 "-" "PostmanRuntime/7.30.1"
::1 - - [03/Feb/2023:15:44:51 +0000] "DELETE /users/Marcus/FavoriteMovies/63d033dad3a60ef2692e9a69 HTTP/1.1" 404 194 "-" "PostmanRuntime/7.30.1"
::1 - - [03/Feb/2023:15:54:26 +0000] "DELETE /users/Marcus/FavoriteMovies/63d033dad3a60ef2692e9a69 HTTP/1.1" 404 194 "-" "PostmanRuntime/7.30.1"
::1 - - [03/Feb/2023:16:04:34 +0000] "DELETE /users/Marcus/movies/63d033dad3a60ef2692e9a69 HTTP/1.1" 404 186 "-" "PostmanRuntime/7.30.1"
::1 - - [03/Feb/2023:16:09:05 +0000] "DELETE /users/Marcus/movies/63d033dad3a60ef2692e9a69 HTTP/1.1" 404 186 "-" "PostmanRuntime/7.30.1"
::1 - - [03/Feb/2023:16:15:33 +0000] "DELETE /user/Marcus/movies/63d033dad3a60ef2692e9a69 HTTP/1.1" 404 185 "-" "PostmanRuntime/7.30.1"
127.0.0.1 - - [07/Feb/2023:01:48:28 +0000] "PUT /users/ HTTP/1.1" 404 145 "-" "PostmanRuntime/7.30.1"
127.0.0.1 - - [07/Feb/2023:01:48:36 +0000] "PUT /users HTTP/1.1" 404 144 "-" "PostmanRuntime/7.30.1"
